<?xml version="1.0" encoding="UTF-8"?>
<!-- Generated by org.testng.reporters.JUnitReportReporter -->
<testsuite hostname="DESKTOP-PK2BA83" failures="0" tests="1" name="cucumber.TestNGTestRunner" time="5.749" errors="0" timestamp="2025-06-26T16:32:49 IST" skipped="0">
  <testcase classname="cucumber.TestNGTestRunner" name="runScenario" time="5.749"/>
</testsuite> <!-- cucumber.TestNGTestRunner -->
