<?xml version="1.0" encoding="UTF-8"?>
<!-- Generated by org.testng.reporters.JUnitReportReporter -->
<testsuite hostname="DESKTOP-PK2BA83" failures="0" tests="3" name="seleniumcourse.OrderSubmission" time="17.206" errors="0" timestamp="2025-06-20T16:34:10 IST" skipped="0">
  <testcase classname="seleniumcourse.OrderSubmission" name="orderHistory" time="3.037"/>
  <testcase classname="seleniumcourse.OrderSubmission" name="submitOrder" time="8.277"/>
  <testcase classname="seleniumcourse.OrderSubmission" name="submitOrder" time="5.892"/>
</testsuite> <!-- seleniumcourse.OrderSubmission -->
