<?xml version="1.0" encoding="UTF-8"?>
<!-- Generated by org.testng.reporters.JUnitReportReporter -->
<testsuite hostname="DESKTOP-PK2BA83" failures="0" tests="1" name="cucumber.TestNGTestRunner" time="8.103" errors="0" timestamp="2025-06-26T20:38:09 IST" skipped="0">
  <testcase classname="cucumber.TestNGTestRunner" name="runScenario" time="8.103"/>
</testsuite> <!-- cucumber.TestNGTestRunner -->
