<?xml version="1.0" encoding="UTF-8"?>
<!-- Generated by org.testng.reporters.JUnitReportReporter -->
<testsuite hostname="DESKTOP-PK2BA83" failures="0" tests="3" name="seleniumcourse.OrderSubmission" time="22.558" errors="0" timestamp="2025-06-26T20:28:23 IST" skipped="0">
  <testcase classname="seleniumcourse.OrderSubmission" name="orderHistory" time="9.246"/>
  <testcase classname="seleniumcourse.OrderSubmission" name="submitOrder" time="7.789"/>
  <testcase classname="seleniumcourse.OrderSubmission" name="submitOrder" time="5.523"/>
</testsuite> <!-- seleniumcourse.OrderSubmission -->
