<?xml version="1.0" encoding="UTF-8"?>
<!-- Generated by org.testng.reporters.JUnitReportReporter -->
<testsuite hostname="DESKTOP-PK2BA83" failures="0" tests="2" name="seleniumcourse.ErrorValidations" time="23.814" errors="0" timestamp="2025-06-26T20:28:23 IST" skipped="0">
  <testcase classname="seleniumcourse.ErrorValidations" name="validateErrorMsg" time="4.589"/>
  <testcase classname="seleniumcourse.ErrorValidations" name="productErrorValidation" time="19.225"/>
</testsuite> <!-- seleniumcourse.ErrorValidations -->
